Arguments: 
  /Users/abartholomew/.nvm/versions/node/v16.17.0/bin/node /Users/abartholomew/.npm-global/bin/yarn

PATH: 
  /Users/abartholomew/.nvm/versions/node/v16.17.0/bin:/Users/abartholomew/bin:/Users/abartholomew/.npm-global/bin:/usr/local/bin:/usr/bin:/bin:/usr/sbin:/sbin

Yarn version: 
  1.22.19

Node version: 
  16.17.0

Platform: 
  darwin x64

Trace: 
  Error: self signed certificate in certificate chain
      at TLSSocket.onConnectSecure (node:_tls_wrap:1535:34)
      at TLSSocket.emit (node:events:513:28)
      at TLSSocket._finishInit (node:_tls_wrap:949:8)
      at TLSWrap.ssl.onhandshakedone (node:_tls_wrap:730:12)

npm manifest: 
  {
    "name": "msal-vue-sample",
    "version": "0.0.0",
    "scripts": {
      "start": "vite",
      "build": "vue-tsc --noEmit && vite build",
      "serve": "vite preview",
      "build:package": "cd ../../../lib/msal-browser && npm run build:all",
      "install:local": "npm install ../../../lib/msal-browser",
      "install:published": "npm install @azure/msal-browser@latest"
    },
    "dependencies": {
      "@azure/msal-browser": "^2.30.0",
      "element-plus": "^2.2.19",
      "vue": "^3.2.41",
      "vue-router": "^4.1.5"
    },
    "devDependencies": {
      "@vitejs/plugin-vue": "^3.1.2",
      "typescript": "^4.8.4",
      "vite": "^3.1.8",
      "vue-tsc": "^1.0.8"
    }
  }

yarn manifest: 
  No manifest

Lockfile: 
  No lockfile
